{
  "RSpec": {
    "coverage": {
      "/Users/hugo/Projects/railStrap/app/helpers/application_helper.rb": [
        1,
        null
      ],
      "/Users/hugo/Projects/railStrap/app/helpers/profiles_helper.rb": [
        1,
        1,
        0,
        0,
        0,
        null,
        null
      ],
      "/Users/hugo/Projects/railStrap/app/services/create_user_service.rb": [
        1,
        1,
        1,
        null,
        1,
        5,
        5,
        5,
        null,
        null,
        1,
        5,
        null,
        null
      ],
      "/Users/hugo/Projects/railStrap/app/models/user.rb": [
        1,
        1,
        null,
        1,
        null,
        1,
        null,
        1,
        null,
        1,
        0,
        null,
        null,
        null
      ],
      "/Users/hugo/Projects/railStrap/app/models/application_record.rb": [
        1,
        1,
        null
      ],
      "/Users/hugo/Projects/railStrap/app/models/profile.rb": [
        1,
        null
      ],
      "/Users/hugo/Projects/railStrap/app/controllers/admin/dashboards_controller.rb": [
        0,
        0,
        0,
        0,
        0,
        0
      ],
      "/Users/hugo/Projects/railStrap/app/controllers/application_controller.rb": [
        0,
        0,
        0,
        0,
        0,
        0,
        0,
        0,
        0,
        0,
        0,
        0
      ],
      "/Users/hugo/Projects/railStrap/app/controllers/dashboards_controller.rb": [
        0,
        0,
        0,
        0,
        0
      ],
      "/Users/hugo/Projects/railStrap/app/controllers/pages_controller.rb": [
        0,
        0,
        0,
        0,
        0,
        0,
        0
      ],
      "/Users/hugo/Projects/railStrap/app/controllers/profiles_controller.rb": [
        0,
        0,
        0,
        0,
        0,
        0,
        0,
        0,
        0,
        0,
        0,
        0,
        0,
        0,
        0,
        0,
        0,
        0,
        0,
        0,
        0,
        0,
        0,
        0,
        0,
        0,
        0,
        0,
        0
      ],
      "/Users/hugo/Projects/railStrap/app/mailers/application_mailer.rb": [
        0,
        0,
        0,
        0
      ],
      "/Users/hugo/Projects/railStrap/app/policies/admin_dashboards_policy.rb": [
        0,
        0,
        0,
        0,
        0
      ],
      "/Users/hugo/Projects/railStrap/app/policies/application_policy.rb": [
        0,
        0,
        0,
        0,
        0,
        0,
        0,
        0,
        0,
        0,
        0,
        0,
        0,
        0,
        0,
        0,
        0,
        0,
        0,
        0,
        0,
        0,
        0,
        0,
        0,
        0,
        0,
        0,
        0,
        0,
        0,
        0,
        0,
        0,
        0,
        0,
        0,
        0,
        0,
        0,
        0,
        0,
        0,
        0,
        0,
        0,
        0,
        0,
        0,
        0,
        0,
        0,
        0
      ],
      "/Users/hugo/Projects/railStrap/app/policies/dashboards_policy.rb": [
        0,
        0,
        0,
        0,
        0
      ],
      "/Users/hugo/Projects/railStrap/app/policies/pages_policy.rb": [
        0,
        0,
        0,
        0,
        0
      ],
      "/Users/hugo/Projects/railStrap/app/policies/profile_policy.rb": [
        0,
        0,
        0,
        0,
        0,
        0,
        0,
        0,
        0
      ],
      "/Users/hugo/Projects/railStrap/lib/application_responder.rb": [
        0,
        0,
        0,
        0,
        0,
        0,
        0,
        0
      ]
    },
    "timestamp": 1468540515
  }
}
